0 info it worked if it ends with ok
1 verbose cli [ 'node', '/usr/local/bin/npm', 'publish' ]
2 info using npm@1.4.3
3 info using node@v0.10.26
4 verbose publish [ '.' ]
5 verbose cache add [ '.', null ]
6 verbose cache add name=undefined spec="." args=[".",null]
7 verbose parsed url { protocol: null,
7 verbose parsed url   slashes: null,
7 verbose parsed url   auth: null,
7 verbose parsed url   host: null,
7 verbose parsed url   port: null,
7 verbose parsed url   hostname: null,
7 verbose parsed url   hash: null,
7 verbose parsed url   search: null,
7 verbose parsed url   query: null,
7 verbose parsed url   pathname: '.',
7 verbose parsed url   path: '.',
7 verbose parsed url   href: '.' }
8 silly lockFile 3a52ce78- .
9 verbose lock . /Users/akawry/.npm/3a52ce78-.lock
10 verbose tar pack [ '/var/folders/jq/8gtw4nt56mldl51m_c5s_t980000gn/T/npm-8780-JiIqn0xT/1397233765505-0.7998660716693848/tmp.tgz',
10 verbose tar pack   '.' ]
11 verbose tarball /var/folders/jq/8gtw4nt56mldl51m_c5s_t980000gn/T/npm-8780-JiIqn0xT/1397233765505-0.7998660716693848/tmp.tgz
12 verbose folder .
13 info prepublish tinderbot@0.8.3
14 silly lockFile 1f1177db-tar tar://.
15 verbose lock tar://. /Users/akawry/.npm/1f1177db-tar.lock
16 silly lockFile 85881606-65505-0-7998660716693848-tmp-tgz tar:///var/folders/jq/8gtw4nt56mldl51m_c5s_t980000gn/T/npm-8780-JiIqn0xT/1397233765505-0.7998660716693848/tmp.tgz
17 verbose lock tar:///var/folders/jq/8gtw4nt56mldl51m_c5s_t980000gn/T/npm-8780-JiIqn0xT/1397233765505-0.7998660716693848/tmp.tgz /Users/akawry/.npm/85881606-65505-0-7998660716693848-tmp-tgz.lock
18 silly lockFile 1f1177db-tar tar://.
19 silly lockFile 1f1177db-tar tar://.
20 silly lockFile 85881606-65505-0-7998660716693848-tmp-tgz tar:///var/folders/jq/8gtw4nt56mldl51m_c5s_t980000gn/T/npm-8780-JiIqn0xT/1397233765505-0.7998660716693848/tmp.tgz
21 silly lockFile 85881606-65505-0-7998660716693848-tmp-tgz tar:///var/folders/jq/8gtw4nt56mldl51m_c5s_t980000gn/T/npm-8780-JiIqn0xT/1397233765505-0.7998660716693848/tmp.tgz
22 verbose tar unpack /var/folders/jq/8gtw4nt56mldl51m_c5s_t980000gn/T/npm-8780-JiIqn0xT/1397233765505-0.7998660716693848/tmp.tgz
23 silly lockFile 7f422f37-65505-0-7998660716693848-package tar:///var/folders/jq/8gtw4nt56mldl51m_c5s_t980000gn/T/npm-8780-JiIqn0xT/1397233765505-0.7998660716693848/package
24 verbose lock tar:///var/folders/jq/8gtw4nt56mldl51m_c5s_t980000gn/T/npm-8780-JiIqn0xT/1397233765505-0.7998660716693848/package /Users/akawry/.npm/7f422f37-65505-0-7998660716693848-package.lock
25 silly lockFile 85881606-65505-0-7998660716693848-tmp-tgz tar:///var/folders/jq/8gtw4nt56mldl51m_c5s_t980000gn/T/npm-8780-JiIqn0xT/1397233765505-0.7998660716693848/tmp.tgz
26 verbose lock tar:///var/folders/jq/8gtw4nt56mldl51m_c5s_t980000gn/T/npm-8780-JiIqn0xT/1397233765505-0.7998660716693848/tmp.tgz /Users/akawry/.npm/85881606-65505-0-7998660716693848-tmp-tgz.lock
27 silly gunzTarPerm modes [ '755', '644' ]
28 silly gunzTarPerm extractEntry package.json
29 silly gunzTarPerm extractEntry README.md
30 silly gunzTarPerm extractEntry tinderbot.js
31 silly gunzTarPerm extractEntry views/auth.jade
32 silly gunzTarPerm extractEntry views/main.jade
33 silly lockFile 7f422f37-65505-0-7998660716693848-package tar:///var/folders/jq/8gtw4nt56mldl51m_c5s_t980000gn/T/npm-8780-JiIqn0xT/1397233765505-0.7998660716693848/package
34 silly lockFile 7f422f37-65505-0-7998660716693848-package tar:///var/folders/jq/8gtw4nt56mldl51m_c5s_t980000gn/T/npm-8780-JiIqn0xT/1397233765505-0.7998660716693848/package
35 silly lockFile 85881606-65505-0-7998660716693848-tmp-tgz tar:///var/folders/jq/8gtw4nt56mldl51m_c5s_t980000gn/T/npm-8780-JiIqn0xT/1397233765505-0.7998660716693848/tmp.tgz
36 silly lockFile 85881606-65505-0-7998660716693848-tmp-tgz tar:///var/folders/jq/8gtw4nt56mldl51m_c5s_t980000gn/T/npm-8780-JiIqn0xT/1397233765505-0.7998660716693848/tmp.tgz
37 verbose tar pack [ '/Users/akawry/.npm/tinderbot/0.8.3/package.tgz',
37 verbose tar pack   '/var/folders/jq/8gtw4nt56mldl51m_c5s_t980000gn/T/npm-8780-JiIqn0xT/1397233765505-0.7998660716693848/package' ]
38 verbose tarball /Users/akawry/.npm/tinderbot/0.8.3/package.tgz
39 verbose folder /var/folders/jq/8gtw4nt56mldl51m_c5s_t980000gn/T/npm-8780-JiIqn0xT/1397233765505-0.7998660716693848/package
40 silly lockFile 7f422f37-65505-0-7998660716693848-package tar:///var/folders/jq/8gtw4nt56mldl51m_c5s_t980000gn/T/npm-8780-JiIqn0xT/1397233765505-0.7998660716693848/package
41 verbose lock tar:///var/folders/jq/8gtw4nt56mldl51m_c5s_t980000gn/T/npm-8780-JiIqn0xT/1397233765505-0.7998660716693848/package /Users/akawry/.npm/7f422f37-65505-0-7998660716693848-package.lock
42 silly lockFile e01c1d39--npm-tinderbot-0-8-3-package-tgz tar:///Users/akawry/.npm/tinderbot/0.8.3/package.tgz
43 verbose lock tar:///Users/akawry/.npm/tinderbot/0.8.3/package.tgz /Users/akawry/.npm/e01c1d39--npm-tinderbot-0-8-3-package-tgz.lock
44 silly lockFile 7f422f37-65505-0-7998660716693848-package tar:///var/folders/jq/8gtw4nt56mldl51m_c5s_t980000gn/T/npm-8780-JiIqn0xT/1397233765505-0.7998660716693848/package
45 silly lockFile 7f422f37-65505-0-7998660716693848-package tar:///var/folders/jq/8gtw4nt56mldl51m_c5s_t980000gn/T/npm-8780-JiIqn0xT/1397233765505-0.7998660716693848/package
46 silly lockFile e01c1d39--npm-tinderbot-0-8-3-package-tgz tar:///Users/akawry/.npm/tinderbot/0.8.3/package.tgz
47 silly lockFile e01c1d39--npm-tinderbot-0-8-3-package-tgz tar:///Users/akawry/.npm/tinderbot/0.8.3/package.tgz
48 silly lockFile 64b25cde-awry-npm-tinderbot-0-8-3-package /Users/akawry/.npm/tinderbot/0.8.3/package
49 verbose lock /Users/akawry/.npm/tinderbot/0.8.3/package /Users/akawry/.npm/64b25cde-awry-npm-tinderbot-0-8-3-package.lock
50 silly lockFile 64b25cde-awry-npm-tinderbot-0-8-3-package /Users/akawry/.npm/tinderbot/0.8.3/package
51 silly lockFile 64b25cde-awry-npm-tinderbot-0-8-3-package /Users/akawry/.npm/tinderbot/0.8.3/package
52 verbose tar unpack /Users/akawry/.npm/tinderbot/0.8.3/package.tgz
53 silly lockFile e98c6218-awry-npm-tinderbot-0-8-3-package tar:///Users/akawry/.npm/tinderbot/0.8.3/package
54 verbose lock tar:///Users/akawry/.npm/tinderbot/0.8.3/package /Users/akawry/.npm/e98c6218-awry-npm-tinderbot-0-8-3-package.lock
55 silly lockFile e01c1d39--npm-tinderbot-0-8-3-package-tgz tar:///Users/akawry/.npm/tinderbot/0.8.3/package.tgz
56 verbose lock tar:///Users/akawry/.npm/tinderbot/0.8.3/package.tgz /Users/akawry/.npm/e01c1d39--npm-tinderbot-0-8-3-package-tgz.lock
57 silly gunzTarPerm modes [ '755', '644' ]
58 silly gunzTarPerm extractEntry package.json
59 silly gunzTarPerm extractEntry README.md
60 silly gunzTarPerm extractEntry tinderbot.js
61 silly gunzTarPerm extractEntry views/auth.jade
62 silly gunzTarPerm extractEntry views/main.jade
63 silly lockFile e98c6218-awry-npm-tinderbot-0-8-3-package tar:///Users/akawry/.npm/tinderbot/0.8.3/package
64 silly lockFile e98c6218-awry-npm-tinderbot-0-8-3-package tar:///Users/akawry/.npm/tinderbot/0.8.3/package
65 silly lockFile e01c1d39--npm-tinderbot-0-8-3-package-tgz tar:///Users/akawry/.npm/tinderbot/0.8.3/package.tgz
66 silly lockFile e01c1d39--npm-tinderbot-0-8-3-package-tgz tar:///Users/akawry/.npm/tinderbot/0.8.3/package.tgz
67 verbose chmod /Users/akawry/.npm/tinderbot/0.8.3/package.tgz 644
68 verbose chown /Users/akawry/.npm/tinderbot/0.8.3/package.tgz [ 501, 20 ]
69 silly lockFile 3a52ce78- .
70 silly lockFile 3a52ce78- .
71 silly publish { name: 'tinderbot',
71 silly publish   version: '0.8.3',
71 silly publish   description: 'A platform for developing bots that interact with the Tinder dating app',
71 silly publish   main: 'tinderbot.js',
71 silly publish   scripts: { test: 'echo "Error: no test specified" && exit 1' },
71 silly publish   repository:
71 silly publish    { type: 'git',
71 silly publish      url: 'https://github.com/alkawryk/tinderbot.git' },
71 silly publish   author: { name: 'alkawryk' },
71 silly publish   license: 'MIT',
71 silly publish   bugs: { url: 'https://github.com/alkawryk/tinderbot/issues' },
71 silly publish   homepage: 'https://github.com/alkawryk/tinderbot',
71 silly publish   dependencies: { express: '4.0.0', tinderjs: '1.0.5', 'body-parser': '1.0.1' },
71 silly publish   readme: '# tinderbot\n\n  A platform for developing bots which interact with the Tinder dating app\n\n## Introduction\n\n  tinderbot is a node module which allows you to develop \'bots\' which interact on the Tinder dating app. \n  It provides an easy to use mechanism for retrieving your Facebook access tokens which are used to authorize your bot for interacting with the Tinder apis, and exposes\n  a hook for checking for Tinder updates, chatting with matches, etc. \n  \n  Below is a simple bot which periodically \'likes\' all matches nearby and tells them to play Castle Clash.\n  \n    var tinderbot = require(\'tinderbot\');\n    var bot = new tinderbot();\n    var _ = require(\'underscore\')\n    \n    bot.mainLoop = function() {\n      bot.client.getRecommendations(10, function(error, data){\n        _.chain(data.results)\n          .pluck(\'_id\')\n          .each(function(id) {\n            bot.client.like(id, function(error, data) {\n              if (data.matched) {\n                bot.client.sendMessage(\n                  id,\n                  "Hey, I\'m playing this cool new game Castle Clash. Have you heard of it?"\n                );\n              }\n            });\n          });\n      });\n    };\n    \n    bot.live();\n  \n## Installation\n\n    $ npm install tinderbot\n    \n## Setup \n\n### Create a Facebook application\n\n  This won\'t need to be approved, nor publicly available. Visit [the Facebook developer center](https://developers.facebook.com/) and select "Apps > Create a New App".\n  Give it a name (I named mine "TinderBot") and a category (e.g "Communication").\n  \n### Authorize localhost as a Valid OAuth redirect URI \n\n  Once your app has been created, follow the Settings link in the app\'s dashboard, and go over to the Advanced tab. Look for "Valid OAuth redirect URI\'s" and add `http://localhost:8080/fbtoken` (or whatever you decide to use for your listen port). Also ensure the "Client OAuth Login" setting is enabled. \n\n### Setting up your tinder bot \n  \n  Copy your app\'s App Id from the main dashboard for your app. Then, create a new .js (e.g bot.js) file with the following contents:\n  \n    var tinderbot = require(\'tinderbot\');\n    var bot = new tinderbot();\n    \n    bot.FBClientId = <app id>\n    \n    bot.mainLoop = function() {\n      console.log("Hello world!");\n    };\n    \n    bot.live();\n    \n### Running the bot \n\n  In a console, execute \n  \n    $ node bot.js\n    \n  To authorize your bot to act on behalf of your Facebook profile, open up a browser and visit `http://localhost:8080/login`. You should be prompted for your Facebook credentials. Once logged in, look back at the console and notice the periodic "Hello world" logs. Congratulations, you\'ve just created your first Tinder bot!\n\n## Configuration\n\n### .mainLoop\n\n  This should be set to a function that will be executed periodically. Whenever this is executed, you can assume that your bot is authorized to interact with the Tinder API on behalf of your Facebook profile. Typically you would call methods from the [tinderjs](https://github.com/alkawryk/tinderjs) module to interact with the API.\n    \n### .mainLoopInterval\n\n  The interval in milliseconds at which the mainLoop is executed.\n    \n### .port\n\n  Your bot wraps a simple express server. This will be the port the server listens on.\n  \n### .client\n\n  This is the authorized tinder client you can use to interact with the tinder API\n  \n### .live()\n\n  This starts the express server.\n  \n### .die()\n\n  This kills the express server.\n  \n## License\n\n  MIT',
71 silly publish   readmeFilename: 'README.md',
71 silly publish   _id: 'tinderbot@0.8.3',
71 silly publish   dist: { shasum: '07e9b4602c3ecfb6faa970379cb59eca9501b12c' },
71 silly publish   _from: '.' }
72 verbose url raw tinderbot
73 verbose url resolving [ 'https://registry.npmjs.org/', './tinderbot' ]
74 verbose url resolved https://registry.npmjs.org/tinderbot
75 info trying registry request attempt 1 at 09:29:25
76 http PUT https://registry.npmjs.org/tinderbot
77 http 403 https://registry.npmjs.org/tinderbot
78 error publish Failed PUT 403
79 error Error: forbidden cannot modify pre-existing version: 0.8.3
79 error old={"name":"tinderbot","version":"0.8.3","description":"A platform for developing bots that interact with the Tinder dating app","main":"tinderbot.js","scripts":{"test":"echo \"Error: no test specified\" && exit 1"},"repository":{"type":"git","url":"https://github.com/alkawryk/tinderbot.git"},"author":{"name":"alkawryk"},"license":"MIT","bugs":{"url":"https://github.com/alkawryk/tinderbot/issues"},"homepage":"https://github.com/alkawryk/tinderbot","dependencies":{"express":"4.0.0","tinderjs":"1.0.4","body-parser":"1.0.1"},"_id":"tinderbot@0.8.3","dist":{"shasum":"408a585ee0815add99fb164049a0f0b28cf7f5a6","tarball":"http://registry.npmjs.org/tinderbot/-/tinderbot-0.8.3.tgz"},"_from":".","_npmVersion":"1.4.3","_npmUser":{"name":"alkawryk","email":"azzro.boy@gmail.com"},"maintainers":[{"name":"alkawryk","email":"azzro.boy@gmail.com"}]}
79 error new={"name":"tinderbot","version":"0.8.3","description":"A platform for developing bots that interact with the Tinder dating app","main":"tinderbot.js","scripts":{"test":"echo \"Error: no test specified\" && exit 1"},"repository":{"type":"git","url":"https://github.com/alkawryk/tinderbot.git"},"author":{"name":"alkawryk"},"license":"MIT","bugs":{"url":"https://github.com/alkawryk/tinderbot/issues"},"homepage":"https://github.com/alkawryk/tinderbot","dependencies":{"express":"4.0.0","tinderjs":"1.0.5","body-parser":"1.0.1"},"readme":"# tinderbot\u000a\u000a  A platform for developing bots which interact with the Tinder dating app\u000a\u000a## Introduction\u000a\u000a  tinderbot is a node module which allows you to develop 'bots' which interact on the Tinder dating app. \u000a  It provides an easy to use mechanism for retrieving your Facebook access tokens which are used to authorize your bot for interacting with the Tinder apis, and exposes\u000a  a hook for checking for Tinder updates, chatting with matches, etc. \u000a  \u000a  Below is a simple bot which periodically 'likes' all matches nearby and tells them to play Castle Clash.\u000a  \u000a    var tinderbot = require('tinderbot');\u000a    var bot = new tinderbot();\u000a    var _ = require('underscore')\u000a    \u000a    bot.mainLoop = function() {\u000a      bot.client.getRecommendations(10, function(error, data){\u000a        _.chain(data.results)\u000a          .pluck('_id')\u000a          .each(function(id) {\u000a            bot.client.like(id, function(error, data) {\u000a              if (data.matched) {\u000a                bot.client.sendMessage(\u000a                  id,\u000a                  \"Hey, I'm playing this cool new game Castle Clash. Have you heard of it?\"\u000a                );\u000a              }\u000a            });\u000a          });\u000a      });\u000a    };\u000a    \u000a    bot.live();\u000a  \u000a## Installation\u000a\u000a    $ npm install tinderbot\u000a    \u000a## Setup \u000a\u000a### Create a Facebook application\u000a\u000a  This won't need to be approved, nor publicly available. Visit [the Facebook developer center](https://developers.facebook.com/) and select \"Apps > Create a New App\".\u000a  Give it a name (I named mine \"TinderBot\") and a category (e.g \"Communication\").\u000a  \u000a### Authorize localhost as a Valid OAuth redirect URI \u000a\u000a  Once your app has been created, follow the Settings link in the app's dashboard, and go over to the Advanced tab. Look for \"Valid OAuth redirect URI's\" and add `http://localhost:8080/fbtoken` (or whatever you decide to use for your listen port). Also ensure the \"Client OAuth Login\" setting is enabled. \u000a\u000a### Setting up your tinder bot \u000a  \u000a  Copy your app's App Id from the main dashboard for your app. Then, create a new .js (e.g bot.js) file with the following contents:\u000a  \u000a    var tinderbot = require('tinderbot');\u000a    var bot = new tinderbot();\u000a    \u000a    bot.FBClientId = <app id>\u000a    \u000a    bot.mainLoop = function() {\u000a      console.log(\"Hello world!\");\u000a    };\u000a    \u000a    bot.live();\u000a    \u000a### Running the bot \u000a\u000a  In a console, execute \u000a  \u000a    $ node bot.js\u000a    \u000a  To authorize your bot to act on behalf of your Facebook profile, open up a browser and visit `http://localhost:8080/login`. You should be prompted for your Facebook credentials. Once logged in, look back at the console and notice the periodic \"Hello world\" logs. Congratulations, you've just created your first Tinder bot!\u000a\u000a## Configuration\u000a\u000a### .mainLoop\u000a\u000a  This should be set to a function that will be executed periodically. Whenever this is executed, you can assume that your bot is authorized to interact with the Tinder API on behalf of your Facebook profile. Typically you would call methods from the [tinderjs](https://github.com/alkawryk/tinderjs) module to interact with the API.\u000a    \u000a### .mainLoopInterval\u000a\u000a  The interval in milliseconds at which the mainLoop is executed.\u000a    \u000a### .port\u000a\u000a  Your bot wraps a simple express server. This will be the port the server listens on.\u000a  \u000a### .client\u000a\u000a  This is the authorized tinder client you can use to interact with the tinder API\u000a  \u000a### .live()\u000a\u000a  This starts the express server.\u000a  \u000a### .die()\u000a\u000a  This kills the express server.\u000a  \u000a## License\u000a\u000a  MIT","readmeFilename":"README.md","_id":"tinderbot@0.8.3","dist":{"shasum":"07e9b4602c3ecfb6faa970379cb59eca9501b12c","tarball":"http://registry.npmjs.org/tinderbot/-/tinderbot-0.8.3.tgz"},"_from":".","_npmVersion":"1.4.3","_npmUser":{"name":"alkawryk","email":"azzro.boy@gmail.com"},"maintainers":[{"name":"alkawryk","email":"azzro.boy@gmail.com"}]}: tinderbot
79 error     at RegClient.<anonymous> (/usr/local/lib/node_modules/npm/node_modules/npm-registry-client/lib/request.js:237:14)
79 error     at Request.self.callback (/usr/local/lib/node_modules/npm/node_modules/request/request.js:123:22)
79 error     at Request.EventEmitter.emit (events.js:98:17)
79 error     at Request.<anonymous> (/usr/local/lib/node_modules/npm/node_modules/request/request.js:893:14)
79 error     at Request.EventEmitter.emit (events.js:117:20)
79 error     at IncomingMessage.<anonymous> (/usr/local/lib/node_modules/npm/node_modules/request/request.js:844:12)
79 error     at IncomingMessage.EventEmitter.emit (events.js:117:20)
79 error     at _stream_readable.js:920:16
79 error     at process._tickCallback (node.js:415:13)
80 error If you need help, you may report this *entire* log,
80 error including the npm and node versions, at:
80 error     <http://github.com/npm/npm/issues>
81 error System Darwin 11.4.2
82 error command "node" "/usr/local/bin/npm" "publish"
83 error cwd /Users/akawry/Documents/workspace/TinderBot
84 error node -v v0.10.26
85 error npm -v 1.4.3
86 verbose exit [ 1, true ]
